SonarQube plugins:
  - IaC Code Quality and Security 1.4.0.1294 (iac)
  - PL/SQL Code Quality and Security 3.6.1.3873 (plsql)
  - Scala Code Quality and Security 1.8.3.2219 (sonarscala)
  - C# Code Quality and Security 8.32.0.39516 (csharp)
  - Vulnerability Analysis 9.2.0.14426 (security)
  - Java Code Quality and Security 7.5.0.28054 (java)
  - HTML Code Quality and Security 3.4.0.2754 (web)
  - Flex Code Quality and Security 2.6.2.2641 (flex)
  - XML Code Quality and Security 2.4.0.3273 (xml)
  - VB.NET Code Quality and Security 8.32.0.39516 (vbnet)
  - Swift Code Quality and Security 4.3.2.5043 (swift)
  - Dependency-Check 2.0.8 (dependencycheck)
  - CFamily Code Quality and Security 6.28.0.39490 (cpp)
  - Python Code Quality and Security 3.8.0.8883 (python)
  - Go Code Quality and Security 1.8.3.2219 (go)
  - JaCoCo 1.1.1.1157 (jacoco)
  - Kotlin Code Quality and Security 2.7.0.948 (kotlin)
  - RPG Code Quality 3.1.0.2955 (rpg)
  - PL/I Code Quality and Security 1.11.1.2727 (pli)
  - T-SQL Code Quality and Security 1.5.1.4340 (tsql)
  - VB6 Code Quality and Security 2.7.1.2721 (vb)
  - Apex Code Quality and Security 1.8.3.2219 (sonarapex)
  - JavaScript/TypeScript Code Quality and Security 8.6.0.16913 (javascript)
  - Ruby Code Quality and Security 1.8.3.2219 (ruby)
  - Vulnerability Rules for C# 9.2.0.14426 (securitycsharpfrontend)
  - Vulnerability Rules for Java 9.2.0.14426 (securityjavafrontend)
  - License for SonarLint 9.2.4.50792 (license)
  - Findbugs 4.0.6-SNAPSHOT (findbugs)
  - Vulnerability Rules for JS 9.2.0.14426 (securityjsfrontend)
  - COBOL Code Quality 4.6.2.4876 (cobol)
  - Vulnerability Rules for Python 9.2.0.14426 (securitypythonfrontend)
  - PHP Code Quality and Security 3.21.2.8292 (php)
  - ABAP Code Quality and Security 3.9.1.3127 (abap)
  - Configuration detection fot Code Quality and Security 1.1.0.185 (config)
  - Vulnerability Rules for PHP 9.2.0.14426 (securityphpfrontend)
Global server settings:
  - sonar.core.id=86E1FA4D-AXy9QN4H8VkspmsgJv43
  - sonar.core.startTime=2022-01-12T14:25:47+0100
  - sonar.dependencyCheck.htmlReportPath=${WORKSPACE}/target/dependency-check-report.html
  - sonar.dependencyCheck.jsonReportPath=${WORKSPACE}/target/dependency-check-report.json
  - sonar.dependencyCheck.securityHotspot=false
  - sonar.dependencyCheck.summarize=false
  - sonar.dependencyCheck.xmlReportPath=${WORKSPACE}/target/dependency-check-report.xml
  - sonar.forceAuthentication=true
  - sonar.plugins.risk.consent=ACCEPTED
Project server settings:
Project scanner properties:
  - sonar.externalIssuesReportPaths=sq-report.json
  - sonar.host.url=http://localhost:9000
  - sonar.projectBaseDir=/Users/yacine.maghezzi/Documents/repositories/online-shopping-system
  - sonar.projectKey=OnlineShoppingPHP
  - sonar.projectName=OnlineShoppingPHP
  - sonar.projectVersion=1.0
  - sonar.scanner.app=ScannerCLI
  - sonar.scanner.appVersion=4.6.2.2472
  - sonar.sourceEncoding=UTF-8
  - sonar.verbose=true
  - sonar.working.directory=/Users/yacine.maghezzi/Documents/repositories/online-shopping-system/.scannerwork
